<html>
<head>
<title>TestNG:  Testff</title>
<link href="../testng.css" rel="stylesheet" type="text/css" />
<link href="../my-testng.css" rel="stylesheet" type="text/css" />

<style type="text/css">
.log { display: none;} 
.stack-trace { display: none;} 
</style>
<script type="text/javascript">
<!--
function flip(e) {
  current = e.style.display;
  if (current == 'block') {
    e.style.display = 'none';
    return 0;
  }
  else {
    e.style.display = 'block';
    return 1;
  }
}

function toggleBox(szDivId, elem, msg1, msg2)
{
  var res = -1;  if (document.getElementById) {
    res = flip(document.getElementById(szDivId));
  }
  else if (document.all) {
    // this is the way old msie versions work
    res = flip(document.all[szDivId]);
  }
  if(elem) {
    if(res == 0) elem.innerHTML = msg1; else elem.innerHTML = msg2;
  }

}

function toggleAllBoxes() {
  if (document.getElementsByTagName) {
    d = document.getElementsByTagName('div');
    for (i = 0; i < d.length; i++) {
      if (d[i].className == 'log') {
        flip(d[i]);
      }
    }
  }
}

// -->
</script>

</head>
<body>
<h2 align='center'>Testff</h2><table border='1' align="center">
<tr>
<td>Tests passed/Failed/Skipped:</td><td>14/1/0</td>
</tr><tr>
<td>Started on:</td><td>Wed May 18 21:35:43 IST 2022</td>
</tr>
<tr><td>Total time:</td><td>155 seconds (155081 ms)</td>
</tr><tr>
<td>Included groups:</td><td></td>
</tr><tr>
<td>Excluded groups:</td><td></td>
</tr>
</table><p/>
<small><i>(Hover the method name to see the test class name)</i></small><p/>
<table width='100%' border='1' class='invocation-failed'>
<tr><td colspan='4' align='center'><b>FAILED CONFIGURATIONS</b></td></tr>
<tr><td><b>Test method</b></td>
<td width="30%"><b>Exception</b></td>
<td width="10%"><b>Time (seconds)</b></td>
<td><b>Instance</b></td>
</tr>
<tr>
<td title='tests.Datautilslogindemo.teardown()'><b>teardown</b><br>Test class: tests.Datautilslogindemo</td>
<td><div><pre>org.openqa.selenium.remote.http.ConnectionFailedException: Unable to establish websocket connection to http://localhost:57231/devtools/browser/64889954-e93b-4e20-88ab-adda55112503
Build info: version: &apos;4.1.2&apos;, revision: &apos;9a5a329c5a&apos;
System info: host: &apos;ADMIN_SRV-PC&apos;, ip: &apos;192.168.88.1&apos;, os.name: &apos;Windows 7&apos;, os.arch: &apos;x86&apos;, os.version: &apos;6.1&apos;, java.version: &apos;1.8.0_321&apos;
Driver info: driver.version: RemoteWebDriver
	at org.openqa.selenium.remote.http.netty.NettyWebSocket.&lt;init&gt;(NettyWebSocket.java:104)
	at org.openqa.selenium.remote.http.netty.NettyWebSocket.lambda$create$3(NettyWebSocket.java:137)
	at org.openqa.selenium.remote.http.netty.NettyClient.openSocket(NettyClient.java:118)
	at org.openqa.selenium.devtools.Connection.&lt;init&gt;(Connection.java:77)
	at org.openqa.selenium.firefox.FirefoxDriver.maybeGetDevTools(FirefoxDriver.java:310)
	at org.openqa.selenium.remote.RemoteWebDriver.close(RemoteWebDriver.java:440)
	at tests.Datautilslogindemo.teardown(Datautilslogindemo.java:112)
	at java.util.concurrent.FutureTask.run(Unknown Source)
	at java.util.concurrent.ThreadPoolExecutor.runWorker(Unknown Source)
	at java.util.concurrent.ThreadPoolExecutor$Worker.run(Unknown Source)
	at java.lang.Thread.run(Unknown Source)
... Removed 15 stack frames</pre></div><a href='#' onClick='toggleBox("stack-trace3452649", this, "Click to show all stack frames", "Click to hide stack frames")'>Click to show all stack frames</a>
<div class='stack-trace' id='stack-trace3452649'><pre>org.openqa.selenium.remote.http.ConnectionFailedException: Unable to establish websocket connection to http://localhost:57231/devtools/browser/64889954-e93b-4e20-88ab-adda55112503
Build info: version: &apos;4.1.2&apos;, revision: &apos;9a5a329c5a&apos;
System info: host: &apos;ADMIN_SRV-PC&apos;, ip: &apos;192.168.88.1&apos;, os.name: &apos;Windows 7&apos;, os.arch: &apos;x86&apos;, os.version: &apos;6.1&apos;, java.version: &apos;1.8.0_321&apos;
Driver info: driver.version: RemoteWebDriver
	at org.openqa.selenium.remote.http.netty.NettyWebSocket.&lt;init&gt;(NettyWebSocket.java:104)
	at org.openqa.selenium.remote.http.netty.NettyWebSocket.lambda$create$3(NettyWebSocket.java:137)
	at org.openqa.selenium.remote.http.netty.NettyClient.openSocket(NettyClient.java:118)
	at org.openqa.selenium.devtools.Connection.&lt;init&gt;(Connection.java:77)
	at org.openqa.selenium.firefox.FirefoxDriver.maybeGetDevTools(FirefoxDriver.java:310)
	at org.openqa.selenium.remote.RemoteWebDriver.close(RemoteWebDriver.java:440)
	at tests.Datautilslogindemo.teardown(Datautilslogindemo.java:112)
	at sun.reflect.NativeMethodAccessorImpl.invoke0(Native Method)
	at sun.reflect.NativeMethodAccessorImpl.invoke(Unknown Source)
	at sun.reflect.DelegatingMethodAccessorImpl.invoke(Unknown Source)
	at java.lang.reflect.Method.invoke(Unknown Source)
	at org.testng.internal.MethodInvocationHelper.invokeMethod(MethodInvocationHelper.java:132)
	at org.testng.internal.MethodInvocationHelper.invokeMethodConsideringTimeout(MethodInvocationHelper.java:61)
	at org.testng.internal.ConfigInvoker.invokeConfigurationMethod(ConfigInvoker.java:366)
	at org.testng.internal.ConfigInvoker.invokeConfigurations(ConfigInvoker.java:320)
	at org.testng.TestRunner.invokeTestConfigurations(TestRunner.java:617)
	at org.testng.TestRunner.afterRun(TestRunner.java:847)
	at org.testng.TestRunner.run(TestRunner.java:588)
	at org.testng.SuiteRunner.runTest(SuiteRunner.java:384)
	at org.testng.SuiteRunner.access$000(SuiteRunner.java:28)
	at org.testng.SuiteRunner$SuiteWorker.run(SuiteRunner.java:425)
	at org.testng.internal.thread.ThreadUtil.lambda$execute$0(ThreadUtil.java:66)
	at java.util.concurrent.FutureTask.run(Unknown Source)
	at java.util.concurrent.ThreadPoolExecutor.runWorker(Unknown Source)
	at java.util.concurrent.ThreadPoolExecutor$Worker.run(Unknown Source)
	at java.lang.Thread.run(Unknown Source)
</pre></div></td>
<td>0</td>
<td>tests.Datautilslogindemo@12fc6eb</td></tr>
</table><p>
<table width='100%' border='1' class='invocation-failed'>
<tr><td colspan='4' align='center'><b>FAILED TESTS</b></td></tr>
<tr><td><b>Test method</b></td>
<td width="30%"><b>Exception</b></td>
<td width="10%"><b>Time (seconds)</b></td>
<td><b>Instance</b></td>
</tr>
<tr>
<td title='tests.Datautilslogindemo.finaldata()'><b>finaldata</b><br>Test class: tests.Datautilslogindemo<br>Parameters: null, null, null</td>
<td><div><pre>java.lang.IllegalArgumentException: Keys to send should be a not null CharSequence
	at org.openqa.selenium.remote.RemoteWebElement.sendKeys(RemoteWebElement.java:92)
	at org.openqa.selenium.support.pagefactory.internal.LocatingElementHandler.invoke(LocatingElementHandler.java:52)
	at com.sun.proxy.$Proxy15.sendKeys(Unknown Source)
	at pages.loginpage.name(loginpage.java:44)
	at tests.Datautilslogindemo.finaldata(Datautilslogindemo.java:59)
	at java.util.ArrayList.forEach(Unknown Source)
	at java.util.concurrent.FutureTask.run(Unknown Source)
	at java.util.concurrent.ThreadPoolExecutor.runWorker(Unknown Source)
	at java.util.concurrent.ThreadPoolExecutor$Worker.run(Unknown Source)
	at java.lang.Thread.run(Unknown Source)
... Removed 20 stack frames</pre></div><a href='#' onClick='toggleBox("stack-trace23969205", this, "Click to show all stack frames", "Click to hide stack frames")'>Click to show all stack frames</a>
<div class='stack-trace' id='stack-trace23969205'><pre>java.lang.IllegalArgumentException: Keys to send should be a not null CharSequence
	at org.openqa.selenium.remote.RemoteWebElement.sendKeys(RemoteWebElement.java:92)
	at sun.reflect.GeneratedMethodAccessor2.invoke(Unknown Source)
	at sun.reflect.DelegatingMethodAccessorImpl.invoke(Unknown Source)
	at java.lang.reflect.Method.invoke(Unknown Source)
	at org.openqa.selenium.support.pagefactory.internal.LocatingElementHandler.invoke(LocatingElementHandler.java:52)
	at com.sun.proxy.$Proxy15.sendKeys(Unknown Source)
	at pages.loginpage.name(loginpage.java:44)
	at tests.Datautilslogindemo.finaldata(Datautilslogindemo.java:59)
	at sun.reflect.GeneratedMethodAccessor1.invoke(Unknown Source)
	at sun.reflect.DelegatingMethodAccessorImpl.invoke(Unknown Source)
	at java.lang.reflect.Method.invoke(Unknown Source)
	at org.testng.internal.MethodInvocationHelper.invokeMethod(MethodInvocationHelper.java:132)
	at org.testng.internal.TestInvoker.invokeMethod(TestInvoker.java:599)
	at org.testng.internal.TestInvoker.invokeTestMethod(TestInvoker.java:174)
	at org.testng.internal.MethodRunner.runInSequence(MethodRunner.java:46)
	at org.testng.internal.TestInvoker$MethodInvocationAgent.invoke(TestInvoker.java:822)
	at org.testng.internal.TestInvoker.invokeTestMethods(TestInvoker.java:147)
	at org.testng.internal.TestMethodWorker.invokeTestMethods(TestMethodWorker.java:146)
	at org.testng.internal.TestMethodWorker.run(TestMethodWorker.java:128)
	at java.util.ArrayList.forEach(Unknown Source)
	at org.testng.TestRunner.privateRun(TestRunner.java:764)
	at org.testng.TestRunner.run(TestRunner.java:585)
	at org.testng.SuiteRunner.runTest(SuiteRunner.java:384)
	at org.testng.SuiteRunner.access$000(SuiteRunner.java:28)
	at org.testng.SuiteRunner$SuiteWorker.run(SuiteRunner.java:425)
	at org.testng.internal.thread.ThreadUtil.lambda$execute$0(ThreadUtil.java:66)
	at java.util.concurrent.FutureTask.run(Unknown Source)
	at java.util.concurrent.ThreadPoolExecutor.runWorker(Unknown Source)
	at java.util.concurrent.ThreadPoolExecutor$Worker.run(Unknown Source)
	at java.lang.Thread.run(Unknown Source)
</pre></div></td>
<td>0</td>
<td>tests.Datautilslogindemo@12fc6eb</td></tr>
</table><p>
<table width='100%' border='1' class='invocation-passed'>
<tr><td colspan='4' align='center'><b>PASSED TESTS</b></td></tr>
<tr><td><b>Test method</b></td>
<td width="30%"><b>Exception</b></td>
<td width="10%"><b>Time (seconds)</b></td>
<td><b>Instance</b></td>
</tr>
<tr>
<td title='tests.Datautilslogindemo.finaldata()'><b>finaldata</b><br>Test class: tests.Datautilslogindemo<br>Parameters: Sonal, 12345, abc123</td>
<td></td>
<td>15</td>
<td>tests.Datautilslogindemo@12fc6eb</td></tr>
<tr>
<td title='tests.Datautilslogindemo.finaldata()'><b>finaldata</b><br>Test class: tests.Datautilslogindemo<br>Parameters: Tukal, 12345, cdf456</td>
<td></td>
<td>8</td>
<td>tests.Datautilslogindemo@12fc6eb</td></tr>
<tr>
<td title='tests.Datautilslogindemo.finaldata()'><b>finaldata</b><br>Test class: tests.Datautilslogindemo<br>Parameters: sachin, 12345, asw12.0</td>
<td></td>
<td>8</td>
<td>tests.Datautilslogindemo@12fc6eb</td></tr>
<tr>
<td title='tests.Datautilslogindemo.finaldata()'><b>finaldata</b><br>Test class: tests.Datautilslogindemo<br>Parameters: vikash, 12345, qwe334t</td>
<td></td>
<td>8</td>
<td>tests.Datautilslogindemo@12fc6eb</td></tr>
<tr>
<td title='tests.Datautilslogindemo.finaldata()'><b>finaldata</b><br>Test class: tests.Datautilslogindemo<br>Parameters: amit, 12345, 12#anh</td>
<td></td>
<td>10</td>
<td>tests.Datautilslogindemo@12fc6eb</td></tr>
<tr>
<td title='tests.Datautilslogindemo.finaldata()'><b>finaldata</b><br>Test class: tests.Datautilslogindemo<br>Parameters: suresh, 123456, weert90</td>
<td></td>
<td>6</td>
<td>tests.Datautilslogindemo@12fc6eb</td></tr>
<tr>
<td title='tests.Datautilslogindemo.finaldata()'><b>finaldata</b><br>Test class: tests.Datautilslogindemo<br>Parameters: vibek, 12345, 112</td>
<td></td>
<td>8</td>
<td>tests.Datautilslogindemo@12fc6eb</td></tr>
<tr>
<td title='tests.Datautilslogindemo.finaldata()'><b>finaldata</b><br>Test class: tests.Datautilslogindemo<br>Parameters: rutu, 12345, qewe#$</td>
<td></td>
<td>8</td>
<td>tests.Datautilslogindemo@12fc6eb</td></tr>
<tr>
<td title='tests.Datautilslogindemo.finaldata()'><b>finaldata</b><br>Test class: tests.Datautilslogindemo<br>Parameters: nihal, 12345, dff4</td>
<td></td>
<td>9</td>
<td>tests.Datautilslogindemo@12fc6eb</td></tr>
<tr>
<td title='tests.Datautilslogindemo.finaldata()'><b>finaldata</b><br>Test class: tests.Datautilslogindemo<br>Parameters: sabrina, 12345, sd33</td>
<td></td>
<td>8</td>
<td>tests.Datautilslogindemo@12fc6eb</td></tr>
<tr>
<td title='tests.Datautilslogindemo.finaldata()'><b>finaldata</b><br>Test class: tests.Datautilslogindemo<br>Parameters: Shehzad, 12345, fke00</td>
<td></td>
<td>8</td>
<td>tests.Datautilslogindemo@12fc6eb</td></tr>
<tr>
<td title='tests.Datautilslogindemo.finaldata()'><b>finaldata</b><br>Test class: tests.Datautilslogindemo<br>Parameters: Ankit, 12345, TRUE</td>
<td></td>
<td>8</td>
<td>tests.Datautilslogindemo@12fc6eb</td></tr>
<tr>
<td title='tests.Datautilslogindemo.finaldata()'><b>finaldata</b><br>Test class: tests.Datautilslogindemo<br>Parameters: Ronak, 123456, FALSE</td>
<td></td>
<td>5</td>
<td>tests.Datautilslogindemo@12fc6eb</td></tr>
<tr>
<td title='tests.Datautilslogindemo.finaldata()'><b>finaldata</b><br>Test class: tests.Datautilslogindemo<br>Parameters: Rahul, 12345, 2323</td>
<td></td>
<td>8</td>
<td>tests.Datautilslogindemo@12fc6eb</td></tr>
</table><p>
</body>
</html>